2024-12-06T15:41:09.871Z [info]: POST:/api/login: Enter
2024-12-06T15:50:31.867Z [info]: POST:/api/login: Enter
2024-12-06T15:50:44.293Z [info]: POST:/api/notes: Enter
2024-12-06T15:55:09.192Z [info]: POST:/api/login: Enter
2024-12-06T15:55:29.126Z [info]: POST:/api/notes: Enter
2024-12-06T15:55:29.127Z [info]: file path C:\Users\nishw\OneDrive\Desktop\Secure-node-app\uploads\1733500529123-whats.jpeg
2024-12-06T15:55:29.128Z [info]: request body {"name":"nishwal","data":"this is my second"}
2024-12-06T15:55:29.132Z [info]: ENCRYPTED data :U2FsdGVkX18/lHbFM2hkxlm3S/ioifqeo78xMaUVH4ihS3PczOLBoMv+jZH/HIKV
2024-12-06T15:55:29.133Z [info]: ENCRYPTED data :U2FsdGVkX1/BCCKwig8kbCHbhJRFPxHmfCa9CcPeYyCMBj65w5cRUe0u+tP4SlqRxFDwez2NxBfZdJHN2vsNJLzgTcwI12Me4nvAHf2o8/nxjBiBNAZOIupqmnQtWXaRDgcad/NEYRvSd0A9DIVO7Q==
2024-12-06T15:55:48.606Z [info]: GET:/api/notes: Enter
2024-12-06T15:55:48.609Z [info]: decyrpted data :C:\Users\nishw\OneDrive\Desktop\Secure-node-app\uploads\1733500529123-whats.jpeg
2024-12-06T15:55:48.611Z [info]: decyrpted data :this is my second
2024-12-06T15:56:03.967Z [info]: GET:/api/notes/1: Enter
2024-12-06T15:56:03.975Z [info]: file path U2FsdGVkX1/BCCKwig8kbCHbhJRFPxHmfCa9CcPeYyCMBj65w5cRUe0u+tP4SlqRxFDwez2NxBfZdJHN2vsNJLzgTcwI12Me4nvAHf2o8/nxjBiBNAZOIupqmnQtWXaRDgcad/NEYRvSd0A9DIVO7Q==
2024-12-06T15:56:03.976Z [info]: decryptData U2FsdGVkX18/lHbFM2hkxlm3S/ioifqeo78xMaUVH4ihS3PczOLBoMv+jZH/HIKV
2024-12-06T15:56:03.977Z [info]: decyrpted data :C:\Users\nishw\OneDrive\Desktop\Secure-node-app\uploads\1733500529123-whats.jpeg
2024-12-06T15:56:03.978Z [info]: decyrpted data :this is my second
2024-12-06T15:57:06.800Z [info]: PUT:/api/notes/1: Enter
2024-12-06T15:57:06.803Z [info]: ENCRYPTED data :U2FsdGVkX18ig0AUPMDDCqoVuklJE/CdTDSWNSKDGac=
2024-12-06T15:57:06.806Z [info]: decyrpted data :
2024-12-06T15:57:06.808Z [info]: ENCRYPTED data :U2FsdGVkX1+ExX5vREzUcWnq+f/mszBzOpO/az2nPCoTmj32O/NhAi69D/x6DektD8R4bClqBblWr2aRnFc5T81ezWJTqecDcyKsWG25edk++zzpbqQ8lV5pCtPnHfZn+/whlsdeyUWXNRlJHl6Y3g==
2024-12-06T15:57:20.848Z [info]: PUT:/api/notes/1: Enter
2024-12-06T15:57:20.849Z [info]: ENCRYPTED data :U2FsdGVkX1/y3Hpa5a+0GGx0q8HfUMEHTaBdecVscP8=
2024-12-06T15:57:20.850Z [info]: decyrpted data :C:\Users\nishw\OneDrive\Desktop\Secure-node-app\uploads\1733500626797-freezeLogo.png
2024-12-06T15:57:20.852Z [info]: ENCRYPTED data :U2FsdGVkX1/zQGJU8GIQpFNppINlAMF19meC8GCGfq370Kt5jhdKEcFymm3dPp3tr/Nl2/buer346XAn1pcKMYTYEEhsDzuKXdepwEa1etDgxhRk0a7hSwo1zICIBb18TH2N+vKlkoh3jwpZmVi1bw==
2024-12-06T15:57:28.787Z [error]: Response Sent :JsonWebTokenError: invalid token
2024-12-06T15:59:22.247Z [info]: DELETE:/api/notes/1: Enter
2024-12-06T16:18:47.672Z [info]: POST:/api/login: Enter
2024-12-06T16:19:04.623Z [info]: POST:/api/notes: Enter
2024-12-06T16:19:04.624Z [info]: file path C:\Users\nishw\OneDrive\Desktop\Secure-node-app\uploads\1733501944617-whats.jpeg
2024-12-06T16:19:04.626Z [info]: request body {"name":"nishwal","data":"this is my second"}
2024-12-06T16:19:04.637Z [info]: ENCRYPTED data :U2FsdGVkX19lDzBn+ytEh4VbA5jKcUxpxAsCqkO3NTKSn0BhqdKcnBgUhrRwmCxp
2024-12-06T16:19:04.641Z [info]: ENCRYPTED data :U2FsdGVkX18gHI+M5zK+O43nmRfE94Zn4l5PEp0SkpnP1OlT9BTzj2DWeamnjANA+QTp4vO2iGWNxfcBJPTNYF1hKTVwz0Od6QrreBhI8MDCnoaNccGfSio073iUm2penFVS2f5S1iCXyD3GUpxYaA==
2024-12-06T16:19:11.896Z [info]: POST:/api/notes: Enter
2024-12-06T16:19:11.897Z [info]: file path C:\Users\nishw\OneDrive\Desktop\Secure-node-app\uploads\1733501951893-whats.jpeg
2024-12-06T16:19:11.898Z [info]: request body {"name":"nishwal2","data":"this is my second2"}
2024-12-06T16:19:11.901Z [info]: ENCRYPTED data :U2FsdGVkX19JOao846Pbh9Pt0UygRtBAxLW2AwqHAqdBaWKSgBd4GPw4Pb7mJCJ+
2024-12-06T16:19:11.903Z [info]: ENCRYPTED data :U2FsdGVkX1+c4bNJQEXNMiJ5QMJjGEqve+m+3KV/zoka1inKb25grrkw+qwu8qh1Gx9B51pM4jOZtlHPW9cqnZWy07RyMDKpxjQpWMvR1x7G9ong9HJKrCXt4SJQEddfk0usioNrAehkXLqxi3aJcA==
2024-12-06T16:19:19.519Z [info]: POST:/api/notes: Enter
2024-12-06T16:19:19.521Z [info]: file path C:\Users\nishw\OneDrive\Desktop\Secure-node-app\uploads\1733501959516-whats.jpeg
2024-12-06T16:19:19.522Z [info]: request body {"name":"nishwal3","data":"this is my second3"}
2024-12-06T16:19:19.523Z [info]: ENCRYPTED data :U2FsdGVkX1/MAIS2RlZpbATEq5XCqd1xUh8/Ze6VY0zlRVUOXNoMAGfy0LCBKTBO
2024-12-06T16:19:19.528Z [info]: ENCRYPTED data :U2FsdGVkX18BkpfnJptxsRNTg/OkBUksoFHXHK1WU+KsYGzwgRqwuZ4fNf0zLUMNa51DfLBtzQtwR8vF+H51BVBg3aFaI20onu7y14z2SDR9Ijb8Er4n7lkjR2UAkzk2O0huXTkzWTzRvBqhnZpg7w==
2024-12-06T16:19:26.536Z [info]: POST:/api/notes: Enter
2024-12-06T16:19:26.537Z [info]: file path C:\Users\nishw\OneDrive\Desktop\Secure-node-app\uploads\1733501966534-whats.jpeg
2024-12-06T16:19:26.538Z [info]: request body {"name":"nishwal4","data":"this is my second4"}
2024-12-06T16:19:26.539Z [info]: ENCRYPTED data :U2FsdGVkX1+z4Dbo+VOK3CZenarrsFibxs/H5SEPb7sChn3euN9kTsMJSZ/oGf+Z
2024-12-06T16:19:26.540Z [info]: ENCRYPTED data :U2FsdGVkX1+jd0a70ESUIC1jiqnNnUoqIWVBdhhe/qELtzESMpIA3Pg0PfivwB1t+yRhJ4Ar8sPXmi+x/Ou7hnfQCWSsMCmwCIczhq8n19fXnIf9A0bUSv30QRGSr/yOXnX427ESwvMMw0vT5ft5Lg==
2024-12-06T16:19:35.557Z [info]: POST:/api/notes: Enter
2024-12-06T16:19:35.558Z [info]: file path C:\Users\nishw\OneDrive\Desktop\Secure-node-app\uploads\1733501975556-whats.jpeg
2024-12-06T16:19:35.559Z [info]: request body {"name":"nishwal5","data":"this is my second5"}
2024-12-06T16:19:35.561Z [info]: ENCRYPTED data :U2FsdGVkX19rEgUZTRoNPqcNQzp/k529Qc9QmXr4ugPUHovvHueKz5XT9IxodT+q
2024-12-06T16:19:35.563Z [info]: ENCRYPTED data :U2FsdGVkX1/yHKoYh8Nvqh1GZQpBnitAbvdp2fGpQna1GmcVDxk0fxiUhKRvt+qTSjiw/POx9As7CrDMuGlCRzOoCz6S1OQhiY/HSa9Vm1kBFCKOftXXYvQl9509ktt+sHg4RHRHcSqIyuZ3SKOkmg==
2024-12-06T16:19:57.586Z [info]: GET:/api/notes: Enter
2024-12-06T16:19:57.587Z [error]: Response Sent :TypeError: notes.countDocuments is not a function
2024-12-06T16:22:19.161Z [info]: POST:/api/login: Enter
2024-12-06T16:22:32.768Z [info]: POST:/api/notes: Enter
2024-12-06T16:22:32.769Z [info]: file path C:\Users\nishw\OneDrive\Desktop\Secure-node-app\uploads\1733502152763-whats.jpeg
2024-12-06T16:22:32.769Z [info]: request body {"name":"nishwal5","data":"this is my second5"}
2024-12-06T16:22:32.777Z [info]: ENCRYPTED data :U2FsdGVkX1/K8ng3G92gLCUDowmypLhxAmIOWs6j2L/H26Bt0cjeCwJUTLI/laMA
2024-12-06T16:22:32.779Z [info]: ENCRYPTED data :U2FsdGVkX18YVBD3RDJsFsNGhGcz9AtRhDABg+R6ILYM7h7+tWYIJ7Xc21iuNDdljFnqLhnU/g1PFF10gnNPf/33hMvjK65yCCqYUxMHvXU8dtxlwP1/a4o5boPKZcdOnXlIUtKhImslTC7TEEOKRg==
2024-12-06T16:22:40.277Z [info]: POST:/api/notes: Enter
2024-12-06T16:22:40.279Z [info]: file path C:\Users\nishw\OneDrive\Desktop\Secure-node-app\uploads\1733502160275-whats.jpeg
2024-12-06T16:22:40.279Z [info]: request body {"name":"nishwal2","data":"this is my second5"}
2024-12-06T16:22:40.281Z [info]: ENCRYPTED data :U2FsdGVkX1/2vJFSGqrRxfRIrYSB805pZW03g89kPHqAeplCSQf+A/KCKOWZdTcA
2024-12-06T16:22:40.283Z [info]: ENCRYPTED data :U2FsdGVkX19BQAGS7/WSbznIoUVx597N42Hzshus4i9Ta46kmBy65vWTVM+UHkIg+4MPQntXktLZCRCXjcW2DVR6kcb0a+S17C/DlWai1LAbEHYa6KRd5MWIaC2dqod2ynAuXq6M+UlOek60u5zjbQ==
2024-12-06T16:22:45.307Z [info]: POST:/api/notes: Enter
2024-12-06T16:22:45.308Z [info]: file path C:\Users\nishw\OneDrive\Desktop\Secure-node-app\uploads\1733502165305-whats.jpeg
2024-12-06T16:22:45.309Z [info]: request body {"name":"nishwal3","data":"this is my second5"}
2024-12-06T16:22:45.310Z [info]: ENCRYPTED data :U2FsdGVkX1+SI4if8EbJHMRNt2dKciD6F4xAaftxAXHXL0/313x0yNHkKNRn/dL8
2024-12-06T16:22:45.313Z [info]: ENCRYPTED data :U2FsdGVkX18wh/n6vGeSSNHrPJlggWpaSD4m8Jq6FRUSSdkdb5eYmjnMX94E7EmY3AWsSpGrFrg4/W2fCCuXHCVH2usz1K4Ng67HY2s2brGgD9iAsmMu6K6HvDg5Fga9mlIq7xVr7JBlCYYjwzzrig==
2024-12-06T16:22:49.194Z [info]: POST:/api/notes: Enter
2024-12-06T16:22:49.196Z [info]: file path C:\Users\nishw\OneDrive\Desktop\Secure-node-app\uploads\1733502169193-whats.jpeg
2024-12-06T16:22:49.197Z [info]: request body {"name":"nishwal4","data":"this is my second5"}
2024-12-06T16:22:49.198Z [info]: ENCRYPTED data :U2FsdGVkX193eWkg4sBaLkrCporRyfw1dKzPE+f9hyCG4iOyCn46YoJZCtt3Ib5v
2024-12-06T16:22:49.200Z [info]: ENCRYPTED data :U2FsdGVkX19saa6stLdNLzhHMUT4H5hZHHgP+N+QN/KxLLSGlNtT9GZerjZYsdAxzAcp2lCQfJG430bzDTVhafWba8VIGruwamRqTQGdMG3dC0UBsAZWo/0e8vyiMG1O5s+OL0AtOmf8OAKMv4Da5g==
2024-12-06T16:22:52.988Z [info]: POST:/api/notes: Enter
2024-12-06T16:22:52.989Z [info]: file path C:\Users\nishw\OneDrive\Desktop\Secure-node-app\uploads\1733502172985-whats.jpeg
2024-12-06T16:22:52.989Z [info]: request body {"name":"nishwal7","data":"this is my second5"}
2024-12-06T16:22:52.990Z [info]: ENCRYPTED data :U2FsdGVkX18NnX7/dhWFhycGl5CFykvgVjxrkzGvOfXybnvV1kTsIDUHBJ+IhcWs
2024-12-06T16:22:52.992Z [info]: ENCRYPTED data :U2FsdGVkX1+LHODNQqK68MAVN1Mxs9exoGITNtEOUi5e6jD1BzGaE0kyK8DqiEGctWNJQoTGBq99v/60plJAfhkJHU7QH1O4bM6O0VwX/RC8eKhCnmBtiHaPVZdD40lZ4ZeBK7v2XsJG1V+MtNjyZw==
2024-12-06T16:23:02.005Z [info]: GET:/api/notes: Enter
2024-12-06T16:23:02.006Z [error]: Response Sent :TypeError: notes.find(...).skip is not a function
2024-12-06T16:25:33.832Z [info]: POST:/api/login: Enter
2024-12-06T16:25:47.263Z [info]: POST:/api/notes: Enter
2024-12-06T16:25:47.263Z [info]: file path C:\Users\nishw\OneDrive\Desktop\Secure-node-app\uploads\1733502347260-whats.jpeg
2024-12-06T16:25:47.264Z [info]: request body {"name":"nishwal7","data":"this is my second5"}
2024-12-06T16:25:47.267Z [info]: ENCRYPTED data :U2FsdGVkX19nZyqwdm4keULbE+DuYw1+Etq8Soj2yw1nplT9URdnhooA+H48if74
2024-12-06T16:25:47.269Z [info]: ENCRYPTED data :U2FsdGVkX18KoPpOfdQungsnkh5PFz7mytjNPoxkPfYQuQem/6x0XaO1wLvpfG0ocGoXL6lm9XuGlAn9uGzzl5ejvDYrQPxDhW0Oq2XhnccafNhzViF8Jklivt6zEs8wPwPTnAgqQqqi0p3K2b4NcQ==
2024-12-06T16:25:54.924Z [info]: POST:/api/notes: Enter
2024-12-06T16:25:54.925Z [info]: file path C:\Users\nishw\OneDrive\Desktop\Secure-node-app\uploads\1733502354921-whats.jpeg
2024-12-06T16:25:54.926Z [info]: request body {"name":"nishwal8","data":"this is my second5"}
2024-12-06T16:25:54.931Z [info]: ENCRYPTED data :U2FsdGVkX1+7aFF8niEXzW/q3hRPoZ64VJfTb+LIHoo7kXY7f60NHxTWIcKVjOQ/
2024-12-06T16:25:54.932Z [info]: ENCRYPTED data :U2FsdGVkX18j0XLD5Os/ktQEfdDWGCYO7vq588KCK93WcopcTys8j3sfsY374TfxW5PYIyT5b+oYrAkcAbtHEnIKstJrrwbiR5ZM/9uYS/z2sQud2txZVLI/MZH8d/pX/io0wIRcQHIunX6lk8R1yQ==
2024-12-06T16:25:58.786Z [info]: POST:/api/notes: Enter
2024-12-06T16:25:58.788Z [info]: file path C:\Users\nishw\OneDrive\Desktop\Secure-node-app\uploads\1733502358785-whats.jpeg
2024-12-06T16:25:58.788Z [info]: request body {"name":"nishwal9","data":"this is my second5"}
2024-12-06T16:25:58.789Z [info]: ENCRYPTED data :U2FsdGVkX18xEGI9IzjBbzSSr5BJdM5ObW/hCkHqIwG5jrrfYh48h7/uAsXMBdeX
2024-12-06T16:25:58.791Z [info]: ENCRYPTED data :U2FsdGVkX1/I6X43FTfvCjrgkI8CXDabMnQvRVYpaU1qffy10J0FaovxS2heJUzcbccMAWupj3H8oXWwLWHVkAbjydpqoVRyZxRLXuRJO2b1nQUQWb4nnub8kw4GgNOy6l/MXH0ZYS/USNsBBQJWPg==
2024-12-06T16:26:03.151Z [info]: POST:/api/notes: Enter
2024-12-06T16:26:03.151Z [info]: file path C:\Users\nishw\OneDrive\Desktop\Secure-node-app\uploads\1733502363149-whats.jpeg
2024-12-06T16:26:03.152Z [info]: request body {"name":"nishwal10","data":"this is my second5"}
2024-12-06T16:26:03.153Z [info]: ENCRYPTED data :U2FsdGVkX18i8EB5r1X0pG7wq1B0CtzZKEoN/nzuV184rPa2CFgag+WpSGeLEYBK
2024-12-06T16:26:03.154Z [info]: ENCRYPTED data :U2FsdGVkX1/VHOk6J+JC+s64oH+t+u3COphEM7dtJ0q9m26LQqV2RDFV+Q1X0hpl88AQKLyfnPlKjVPdfvnBmD+i430ooWwZhlnkgXN6M69ESCXCsZZTewu6y6ABlkDkODHt3u1e6wZpbCiXgOyJzg==
2024-12-06T16:26:06.536Z [info]: POST:/api/notes: Enter
2024-12-06T16:26:06.537Z [info]: file path C:\Users\nishw\OneDrive\Desktop\Secure-node-app\uploads\1733502366532-whats.jpeg
2024-12-06T16:26:06.537Z [info]: request body {"name":"nishwal11","data":"this is my second5"}
2024-12-06T16:26:06.538Z [info]: ENCRYPTED data :U2FsdGVkX1+peSK94thKCM5Gs7JhBBTV4YTw8JGKath1kFLZSu2YOtO6kDCBvDDV
2024-12-06T16:26:06.539Z [info]: ENCRYPTED data :U2FsdGVkX19npLwuoSREzgittkM9wxnubnAY5K/WMIoFSWJfIvZi4fn4X4eaaqZQOKF2XT2+titDdAWJ5ASHbXFLPUN8OX9sxNfmJ32nyYCWDgERkuKzk7sboAQFgQRaLWFbnJyc9d9ybPZEThzhvw==
2024-12-06T16:26:12.245Z [info]: GET:/api/notes: Enter
2024-12-06T16:26:12.247Z [info]: decyrpted data :C:\Users\nishw\OneDrive\Desktop\Secure-node-app\uploads\1733502347260-whats.jpeg
2024-12-06T16:26:12.248Z [info]: decyrpted data :this is my second5
2024-12-06T16:26:12.249Z [info]: decyrpted data :C:\Users\nishw\OneDrive\Desktop\Secure-node-app\uploads\1733502354921-whats.jpeg
2024-12-06T16:26:12.251Z [info]: decyrpted data :this is my second5
2024-12-06T16:26:12.253Z [info]: decyrpted data :C:\Users\nishw\OneDrive\Desktop\Secure-node-app\uploads\1733502358785-whats.jpeg
2024-12-06T16:26:12.255Z [info]: decyrpted data :this is my second5
2024-12-06T16:27:20.846Z [info]: GET:/api/notes?page=2: Enter
2024-12-06T16:27:20.847Z [info]: decyrpted data :C:\Users\nishw\OneDrive\Desktop\Secure-node-app\uploads\1733502363149-whats.jpeg
2024-12-06T16:27:20.849Z [info]: decyrpted data :this is my second5
2024-12-06T16:27:20.850Z [info]: decyrpted data :C:\Users\nishw\OneDrive\Desktop\Secure-node-app\uploads\1733502366532-whats.jpeg
2024-12-06T16:27:20.851Z [info]: decyrpted data :this is my second5
2024-12-06T18:38:50.097Z [info]: GET:/api/notes: Enter
2024-12-06T18:38:50.110Z [error]: Response Sent :Error [ERR_HTTP_HEADERS_SENT]: Cannot set headers after they are sent to the client
2024-12-06T18:38:50.137Z [info]: GET:/api/notes: Enter
2024-12-06T18:38:50.140Z [error]: Response Sent :Error [ERR_HTTP_HEADERS_SENT]: Cannot set headers after they are sent to the client
2024-12-06T18:40:55.509Z [info]: GET:/api/notes: Enter
2024-12-06T18:40:55.540Z [info]: GET:/api/notes: Enter
2024-12-06T18:42:10.738Z [info]: GET:/api/notes: Enter
2024-12-06T18:42:10.768Z [info]: GET:/api/notes: Enter
2024-12-06T18:43:15.688Z [info]: GET:/api/notes: Enter
2024-12-06T18:43:15.715Z [info]: GET:/api/notes: Enter
2024-12-06T18:44:16.397Z [info]: GET:/api/notes: Enter
2024-12-06T18:44:16.427Z [info]: GET:/api/notes: Enter
2024-12-06T18:44:33.638Z [info]: GET:/api/notes: Enter
2024-12-06T18:44:33.668Z [info]: GET:/api/notes: Enter
2024-12-06T18:44:57.797Z [info]: GET:/api/notes: Enter
2024-12-06T18:44:57.827Z [info]: GET:/api/notes: Enter
2024-12-06T18:45:43.801Z [info]: GET:/api/notes: Enter
2024-12-06T18:45:43.833Z [info]: GET:/api/notes: Enter
2024-12-06T19:15:12.687Z [info]: GET:/api/notes: Enter
2024-12-06T19:15:12.710Z [info]: GET:/api/notes: Enter
2024-12-06T20:32:02.799Z [info]: POST:/api/notes: Enter
2024-12-06T20:32:52.866Z [info]: POST:/api/notes: Enter
2024-12-06T20:33:35.637Z [info]: POST:/api/notes: Enter
2024-12-06T20:33:35.640Z [info]: request body {"name":"Test Note","data":"This is a test note","image":"publicwhats.jpeg"}
2024-12-06T20:33:35.649Z [info]: ENCRYPTED data :U2FsdGVkX18vafSac2+ByZipEfrEzZ4iqbo15j5AF7fJ1VrA29mWxcsGCm1LKAdq
2024-12-06T20:34:18.604Z [info]: POST:/api/notes: Enter
2024-12-06T20:34:18.606Z [info]: request body {"name":"Test Note","data":"This is a test note","image":"publicwhats.jpeg"}
2024-12-06T20:34:18.609Z [info]: ENCRYPTED data :U2FsdGVkX1+FemZvuqxU5h4yNRkV3LTvDR48kp5KWPVdI4vmBrL5t+Ukx+MJqGMD
2024-12-06T20:34:56.223Z [info]: POST:/api/notes: Enter
2024-12-06T20:34:56.225Z [info]: request body {"name":"Test Note","data":"This is a test note","image":"publicwhats.jpeg"}
2024-12-06T20:34:56.228Z [info]: ENCRYPTED data :U2FsdGVkX18Ah9xucHV9Z/20KJNNAhFiDJngmtXlJXcNyrk0qYD6+kZfeWDnFlDZ
2024-12-06T20:35:18.211Z [info]: POST:/api/notes: Enter
2024-12-06T20:35:18.212Z [info]: request body {"name":"Test Note","data":"This is a test note","image":"publicwhats.jpeg"}
2024-12-06T20:35:18.216Z [info]: ENCRYPTED data :U2FsdGVkX19fee3AssEhm3kvMJFH1ZNCXfiIX8wVVt4Bfel7Icm7lgng9+/2UpcB
2024-12-06T20:35:44.876Z [info]: POST:/api/notes: Enter
2024-12-06T20:35:44.878Z [info]: request body {"name":"Test Note","data":"This is a test note","image":"publicwhats.jpeg"}
2024-12-06T20:35:44.882Z [info]: ENCRYPTED data :U2FsdGVkX1/YSM1Fsqm7MXUXjx5uNrHk4Iv/yGKIWAr3vnj1EsguevckWFzPcW+S
2024-12-06T20:37:20.372Z [info]: POST:/api/notes: Enter
2024-12-06T20:51:32.712Z [info]: POST:/api/notes: Enter
2024-12-06T20:56:37.195Z [info]: POST:/api/login: Enter
2024-12-06T20:56:37.197Z [info]: resposne sent : please provide the username
2024-12-06T20:58:23.811Z [info]: POST:/api/login: Enter
2024-12-06T20:58:23.813Z [info]: resposne sent : please provide the username
2024-12-06T21:00:40.331Z [info]: POST:/api/login: Enter
2024-12-06T21:00:40.333Z [info]: resposne sent : please provide the username
2024-12-06T21:02:06.898Z [info]: POST:/api/login: Enter
2024-12-06T21:02:06.900Z [info]: resposne sent : please provide the username
2024-12-06T21:02:06.917Z [info]: POST:/api/login: Enter
